<?xml version="1.0" encoding="UTF-8"?>
<testng-results ignored="0" total="1" passed="1" failed="0" skipped="0">
  <reporter-output>
  </reporter-output>
  <suite started-at="2024-09-28T16:40:32 IST" name="Suite" finished-at="2024-09-28T16:40:50 IST" duration-ms="18006">
    <groups>
    </groups>
    <test started-at="2024-09-28T16:40:32 IST" name="Test" finished-at="2024-09-28T16:40:50 IST" duration-ms="18006">
      <class name="com.medimention.testCases.TC_001_RegistrationTest">
        <test-method is-config="true" signature="setup(java.lang.String,java.lang.String)[pri:0, instance:com.medimention.testCases.TC_001_RegistrationTest@79e2c065]" started-at="2024-09-28T16:40:32 IST" name="setup" finished-at="2024-09-28T16:40:39 IST" duration-ms="7326" status="PASS">
          <params>
            <param index="0">
              <value>
                <![CDATA[Windows]]>
              </value>
            </param>
            <param index="1">
              <value>
                <![CDATA[chrome]]>
              </value>
            </param>
          </params>
          <reporter-output>
          </reporter-output>
        </test-method> <!-- setup -->
        <test-method signature="accountRegister()[pri:0, instance:com.medimention.testCases.TC_001_RegistrationTest@79e2c065]" started-at="2024-09-28T16:40:39 IST" name="accountRegister" finished-at="2024-09-28T16:40:47 IST" duration-ms="8538" status="PASS">
          <reporter-output>
          </reporter-output>
        </test-method> <!-- accountRegister -->
        <test-method is-config="true" signature="teardown()[pri:0, instance:com.medimention.testCases.TC_001_RegistrationTest@79e2c065]" started-at="2024-09-28T16:40:47 IST" name="teardown" finished-at="2024-09-28T16:40:50 IST" duration-ms="2106" status="PASS">
          <reporter-output>
          </reporter-output>
        </test-method> <!-- teardown -->
      </class> <!-- com.medimention.testCases.TC_001_RegistrationTest -->
    </test> <!-- Test -->
  </suite> <!-- Suite -->
</testng-results>
